CMPO:0000140|6|M1_SyM_1
CMPO:0000071|6|C1_SyM_1
CMPO:0000293|25|J1_SyM_2
CMPO:0000351|34|J1_SyM_1
CMPO:0000128|4|P2_SyM_1
CMPO:0000147|17|J1_SyM_2
CMPO:0000332|1|N1_SyM_1
CMPO:0000299|15|J1_SyM_1
CMPO:0000129|8|C1_SyM_1
CMPO:0000241|1|M1_SyM_1
CMPO:0000118|7|C1_SyM_1
CMPO:0000105|10|C1_SyM_1
CMPO:0000319|2|E1_SyM_1
CMPO:0000343|1|M1_SyM_2
CMPO:0000076|5|J1_SyM_1
CMPO:0000157|4|M1_SyM_1
CMPO:0000083|15|C1_SyM_1
CMPO:0000305|7|C1_SyM_1
CMPO:0000241|17|C1_SyM_1
CMPO:0000128|13|C1_SyM_1
CMPO:0000272|2|J1_SyM_1
CMPO:0000051|26|J1_SyM_1
CMPO:0000270|24|J1_SyM_1
CMPO:0000330|2|N1_SyM_1
CMPO:0000346|1|B1_SyM_1
CMPO:0000177|30|J1_SyM_1
CMPO:0000333|4|N1_SyM_1
CMPO:0000202|2|M1_SyM_1
CMPO:0000154|1|C1_SyM_1
CMPO:0000118|20|J1_SyM_1
CMPO:0000294|15|J1_SyM_2
CMPO:0000033|10|M1_SyM_2
CMPO:0000351|18|J1_SyM_2
CMPO:0000077|5|C1_SyM_1
CMPO:0000246|1|E1_SyM_2
CMPO:0000156|5|M1_SyM_1
CMPO:0000272|14|J1_SyM_2
CMPO:0000141|29|J1_SyM_1
CMPO:0000181|1|C2_SyM_1
CMPO:0000232|4|P2_SyM_1
CMPO:0000267|5|J1_SyM_2
CMPO:0000105|12|C1_SyM_1
CMPO:0000267|21|J1_SyM_1
CMPO:0000346|2|B1_SyM_2
CMPO:0000331|3|N1_SyM_1
CMPO:0000278|40|J1_SyM_1
CMPO:0000056|32|J1_SyM_1
CMPO:0000237|4|P2_SyM_1
CMPO:0000052|25|J1_SyM_1
CMPO:0000052|24|J1_SyM_2
CMPO:0000340|14|C1_SyM_1
CMPO:0000286|16|J1_SyM_2
CMPO:0000344|1|M1_SyM_2
CMPO:0000147|33|J1_SyM_1
CMPO:0000326|4|M1_SyM_2
CMPO:0000288|36|J1_SyM_1
CMPO:0000106|10|J1_SyM_2
CMPO:0000083|16|C1_SyM_1
CMPO:0000345|7|M1_SyM_1
CMPO:0000314|2|P1_SyM_1
CMPO:0000276|6|J1_SyM_1
CMPO:0000141|8|M1_SyM_2
CMPO:0000030|8|M1_SyM_1
CMPO:0000067|8|J1_SyM_1
CMPO:0000309|2|P2_SyM_1
CMPO:0000030|11|M1_SyM_2
CMPO:0000296|12|J1_SyM_2
CMPO:0000140|22|J1_SyM_2
CMPO:0000289|7|J1_SyM_2
CMPO:0000205|1|P1_SyM_1
CMPO:0000154|2|C1_SyM_1
CMPO:0000346|2|B1_SyM_1
CMPO:0000105|11|J1_SyM_2
CMPO:0000262|31|J1_SyM_1
CMPO:0000106|7|J1_SyM_1
CMPO:0000126|1|G1_SyM_1
CMPO:0000140|3|C1_SyM_1
CMPO:0000350|3|P2_SyM_1
CMPO:0000274|16|J1_SyM_1
CMPO:0000309|1|P2_SyM_1
CMPO:0000140|7|M1_SyM_2
CMPO:0000180|1|C2_SyM_1
CMPO:0000300|21|J1_SyM_2
CMPO:0000128|17|J1_SyM_1
CMPO:0000307|2|M1_SyM_2
CMPO:0000105|16|C1_SyM_1
CMPO:0000291|11|J1_SyM_1
CMPO:0000118|9|C1_SyM_1
CMPO:0000118|4|J1_SyM_2
CMPO:0000129|18|J1_SyM_1
CMPO:0000129|1|J1_SyM_2
CMPO:0000269|19|J1_SyM_1
CMPO:0000335|1|G1_SyM_1
CMPO:0000305|11|C1_SyM_1
CMPO:0000180|1|C2_SyM_2
CMPO:0000305|2|M1_SyM_2
CMPO:0000346|1|B1_SyM_2
CMPO:0000058|9|M1_SyM_2
CMPO:0000105|1|J1_SyM_1
CMPO:0000273|13|J1_SyM_2
CMPO:0000302|10|J1_SyM_1
CMPO:0000298|13|J1_SyM_1
CMPO:0000348|3|M1_SyM_2
CMPO:0000297|14|J1_SyM_1
CMPO:0000068|19|J1_SyM_2
CMPO:0000349|1|P2_SyM_1
CMPO:0000291|8|J1_SyM_2
CMPO:0000077|22|J1_SyM_1
CMPO:0000097|38|J1_SyM_1
CMPO:0000293|39|J1_SyM_1
CMPO:0000294|4|J1_SyM_1
CMPO:0000282|26|J1_SyM_2
CMPO:0000213|6|M1_SyM_2
CMPO:0000277|9|J1_SyM_1
CMPO:0000286|35|J1_SyM_1
CMPO:0000128|1|C1_SyM_1
CMPO:0000270|3|J1_SyM_2
CMPO:0000289|12|J1_SyM_1
CMPO:0000181|1|C2_SyM_2
CMPO:0000274|6|J1_SyM_2
CMPO:0000071|4|C1_SyM_1
CMPO:0000266|9|J1_SyM_2
CMPO:0000097|20|J1_SyM_2
CMPO:0000318|1|E1_SyM_1
CMPO:0000128|2|J1_SyM_2
CMPO:0000296|3|J1_SyM_1
CMPO:0000287|37|J1_SyM_1
CMPO:0000157|5|M1_SyM_2
CMPO:0000301|23|J1_SyM_2
CMPO:0000077|6|C1_SyM_1
CMPO:0000261|23|J1_SyM_1
CMPO:0000300|27|J1_SyM_1
CMPO:0000140|28|J1_SyM_1
CMPO:0000213|3|M1_SyM_1
